Jan 22, 2014 9:16:23 AM org.apache.catalina.core.AprLifecycleListener init
信息: The APR based Apache Tomcat Native library which allows optimal performance in production environments was not found on the java.library.path: C:\Program Files\Java\jdk1.7.0_45\bin;C:\Windows\Sun\Java\bin;C:\Windows\system32;C:\Windows;C:\Program Files\JetBrains\IntelliJ IDEA 12.0.1\bin\..\.\bin;C:\Windows\system32;C:\Windows;C:\Windows\System32\Wbem;C:\Windows\System32\WindowsPowerShell\v1.0\;C:\Users\Nathanchen\play-2.1.3;C:\Program Files\TortoiseSVN\bin;C:\hao24\bin\front;C:\Java\apache-maven-3.1.0\bin;C:\Java\lenskit-2.0\bin;C:\Program Files\Java\jdk1.6.0_25\bin;C:\Program Files\QuickTime\QTSystem\;C:\Program Files\MiKTeX 2.9\miktex\bin\;C:\Program Files\TortoiseGit\bin;c:\Ora10InstantClient;c:\program files\jetbrains\intellij idea 12.0.1\jre\jre\bin;.
Jan 22, 2014 9:16:23 AM org.apache.coyote.AbstractProtocol init
信息: Initializing ProtocolHandler ["http-bio-8080"]
Jan 22, 2014 9:16:23 AM org.apache.coyote.AbstractProtocol init
信息: Initializing ProtocolHandler ["ajp-bio-8009"]
Jan 22, 2014 9:16:23 AM org.apache.catalina.startup.Catalina load
信息: Initialization processed in 722 ms
Jan 22, 2014 9:16:23 AM org.apache.catalina.core.StandardService startInternal
信息: Starting service Catalina
Jan 22, 2014 9:16:23 AM org.apache.catalina.core.StandardEngine startInternal
信息: Starting Servlet Engine: Apache Tomcat/@VERSION@
Jan 22, 2014 9:16:23 AM org.apache.catalina.startup.HostConfig deployDirectory
信息: Deploying web application directory C:\Users\Nathanchen\workspace\tomcat\catalina-home\webapps\docs
Jan 22, 2014 9:16:34 AM org.apache.catalina.util.SessionIdGenerator createSecureRandom
信息: Creation of SecureRandom instance for session ID generation using [SHA1PRNG] took [365] milliseconds.
Jan 22, 2014 9:16:34 AM org.apache.catalina.startup.HostConfig deployDirectory
信息: Deploying web application directory C:\Users\Nathanchen\workspace\tomcat\catalina-home\webapps\examples
Jan 22, 2014 9:16:41 AM org.apache.catalina.startup.HostConfig deployDirectory
信息: Deploying web application directory C:\Users\Nathanchen\workspace\tomcat\catalina-home\webapps\host-manager
Jan 22, 2014 9:16:42 AM org.apache.catalina.startup.HostConfig deployDirectory
信息: Deploying web application directory C:\Users\Nathanchen\workspace\tomcat\catalina-home\webapps\manager
Jan 22, 2014 9:16:42 AM org.apache.catalina.startup.HostConfig deployDirectory
信息: Deploying web application directory C:\Users\Nathanchen\workspace\tomcat\catalina-home\webapps\ROOT
Jan 22, 2014 9:16:47 AM org.apache.coyote.AbstractProtocol start
信息: Starting ProtocolHandler ["http-bio-8080"]
Jan 22, 2014 9:16:47 AM org.apache.coyote.AbstractProtocol start
信息: Starting ProtocolHandler ["ajp-bio-8009"]
Jan 22, 2014 9:16:47 AM org.apache.catalina.startup.Catalina start
信息: Server startup in 23177 ms
