Jan 24, 2014 8:16:52 PM org.apache.coyote.AbstractProtocol pause
INFO: Pausing ProtocolHandler ["http-bio-8080"]
Jan 24, 2014 8:16:52 PM org.apache.coyote.AbstractProtocol pause
INFO: Pausing ProtocolHandler ["ajp-bio-8009"]
Jan 24, 2014 8:16:52 PM org.apache.catalina.core.StandardService stopInternal
INFO: Stopping service Catalina
Jan 24, 2014 8:16:52 PM org.apache.coyote.AbstractProtocol stop
INFO: Stopping ProtocolHandler ["http-bio-8080"]
Jan 24, 2014 8:16:52 PM org.apache.coyote.AbstractProtocol stop
INFO: Stopping ProtocolHandler ["ajp-bio-8009"]
Jan 24, 2014 8:16:52 PM org.apache.coyote.AbstractProtocol destroy
INFO: Destroying ProtocolHandler ["http-bio-8080"]
Jan 24, 2014 8:16:52 PM org.apache.coyote.AbstractProtocol destroy
INFO: Destroying ProtocolHandler ["ajp-bio-8009"]
Jan 24, 2014 8:57:27 PM org.apache.catalina.core.AprLifecycleListener init
INFO: The APR based Apache Tomcat Native library which allows optimal performance in production environments was not found on the java.library.path: /Users/nathanchen/Library/Java/Extensions:/Library/Java/Extensions:/Network/Library/Java/Extensions:/System/Library/Java/Extensions:/usr/lib/java:.
Jan 24, 2014 8:57:27 PM org.apache.coyote.AbstractProtocol init
INFO: Initializing ProtocolHandler ["http-bio-8080"]
Jan 24, 2014 8:57:27 PM org.apache.coyote.AbstractProtocol init
INFO: Initializing ProtocolHandler ["ajp-bio-8009"]
Jan 24, 2014 8:57:27 PM org.apache.catalina.startup.Catalina load
INFO: Initialization processed in 1036 ms
Jan 24, 2014 8:57:27 PM org.apache.catalina.core.StandardService startInternal
INFO: Starting service Catalina
Jan 24, 2014 8:57:27 PM org.apache.catalina.core.StandardEngine startInternal
INFO: Starting Servlet Engine: Apache Tomcat/@VERSION@
Jan 24, 2014 8:57:27 PM org.apache.catalina.startup.HostConfig deployDirectory
INFO: Deploying web application directory /Users/nathanchen/Documents/Github/tomcat/catalina-home/webapps/docs
Jan 24, 2014 8:57:34 PM org.apache.catalina.util.SessionIdGenerator createSecureRandom
INFO: Creation of SecureRandom instance for session ID generation using [SHA1PRNG] took [315] milliseconds.
Jan 24, 2014 8:57:34 PM org.apache.catalina.startup.HostConfig deployDirectory
INFO: Deploying web application directory /Users/nathanchen/Documents/Github/tomcat/catalina-home/webapps/examples
Jan 24, 2014 8:57:38 PM org.apache.catalina.startup.HostConfig deployDirectory
INFO: Deploying web application directory /Users/nathanchen/Documents/Github/tomcat/catalina-home/webapps/host-manager
Jan 24, 2014 8:57:38 PM org.apache.catalina.startup.HostConfig deployDirectory
INFO: Deploying web application directory /Users/nathanchen/Documents/Github/tomcat/catalina-home/webapps/manager
Jan 24, 2014 8:57:38 PM org.apache.catalina.startup.HostConfig deployDirectory
INFO: Deploying web application directory /Users/nathanchen/Documents/Github/tomcat/catalina-home/webapps/ROOT
Jan 24, 2014 8:57:41 PM org.apache.coyote.AbstractProtocol start
INFO: Starting ProtocolHandler ["http-bio-8080"]
Jan 24, 2014 8:57:41 PM org.apache.coyote.AbstractProtocol start
INFO: Starting ProtocolHandler ["ajp-bio-8009"]
Jan 24, 2014 8:57:41 PM org.apache.catalina.startup.Catalina start
INFO: Server startup in 14122 ms
